<?xml version="1.0" encoding="UTF-8"?>
<!-- Generated by org.testng.reporters.JUnitXMLReporter -->
<testsuite ignored="0" hostname="Chesschamp123" failures="0" tests="5" name="Test" time="43.423" errors="0" timestamp="2024-06-28T00:29:29 CDT">
  <testcase classname="com.Salesforce.test.SfdcAutomation" name="Sdfcloginpositive" time="4.718"/>
  <testcase classname="com.Salesforce.test.SfdcAutomation" name="SfdcInvalidUsernamePwd" time="1.317"/>
  <testcase classname="com.Salesforce.test.SfdcAutomation" name="Sfdcforgotpwd" time="10.257"/>
  <testcase classname="com.Salesforce.test.SfdcAutomation" name="Sfdcinvalidlogin" time="1.57"/>
  <testcase classname="com.Salesforce.test.SfdcAutomation" name="Sfdcrememberme" time="8.961"/>
</testsuite> <!-- Test -->
