<?xml version="1.0" encoding="UTF-8"?>
<!-- Generated by org.testng.reporters.JUnitXMLReporter -->
<testsuite ignored="0" hostname="Chesschamp123" failures="0" tests="5" name="Test" time="43.719" errors="0" timestamp="2024-07-07T21:40:29 CDT">
  <testcase classname="com.Salesforce.test.SfdcAutomation" name="Sdfcloginpositive" time="6.166"/>
  <testcase classname="com.Salesforce.test.SfdcAutomation" name="SfdcInvalidUsernamePwd" time="2.898"/>
  <testcase classname="com.Salesforce.test.SfdcAutomation" name="Sfdcforgotpwd" time="10.007"/>
  <testcase classname="com.Salesforce.test.SfdcAutomation" name="Sfdcinvalidlogin" time="1.451"/>
  <testcase classname="com.Salesforce.test.SfdcAutomation" name="Sfdcrememberme" time="7.181"/>
</testsuite> <!-- Test -->
