<?xml version="1.0" encoding="UTF-8"?>
<testsuite xmlns:xsi="http://www.w3.org/2001/XMLSchema-instance" xsi:noNamespaceSchemaLocation="https://maven.apache.org/surefire/maven-surefire-plugin/xsd/surefire-test-report-3.0.xsd" version="3.0" name="TestSuite" time="45.095" tests="5" errors="0" skipped="0" failures="0">
  <properties>
[...]
</properties>
  <testcase name="Sdfcloginpositive" classname="com.Salesforce.test.SfdcAutomation" time="6.168">
    <system-out><![CDATA[2024-07-07 21:39:46,239 INFO  TestListenerUtility.java:57 - TestTest has started------------------
2024-07-07 21:39:46,538 INFO  BaseSFTest.java:42 - ****************setUpBeforeMethod*******************
Chrome browser instance chrome created.
window is maximized
https://login.salesforce.com/is entered
2024-07-07 21:39:51,630 INFO  TestListenerUtility.java:28 - Sdfcloginpositive started------
2024-07-07 21:39:52,533 INFO  BasePage.java:40 - data is entered in username field textbox
2024-07-07 21:39:52,670 INFO  BasePage.java:40 - data is entered in password field textbox
2024-07-07 21:39:55,650 INFO  BasePage.java:51 - login buttonbutton is clicked
Home Page ~ Salesforce - Developer Edition
]]></system-out>
    <system-err><![CDATA[SLF4J: Failed to load class "org.slf4j.impl.StaticLoggerBinder".
SLF4J: Defaulting to no-operation (NOP) logger implementation
SLF4J: See http://www.slf4j.org/codes.html#StaticLoggerBinder for further details.
Jul 07, 2024 9:39:50 PM org.openqa.selenium.devtools.CdpVersionFinder findNearestMatch
WARNING: Unable to find an exact match for CDP version 126, returning the closest version; found: 125; Please update to a Selenium version that supports CDP version 126
]]></system-err>
  </testcase>
  <testcase name="SfdcInvalidUsernamePwd" classname="com.Salesforce.test.SfdcAutomation" time="2.888">
    <system-out><![CDATA[2024-07-07 21:39:57,800 INFO  TestListenerUtility.java:34 - Sdfcloginpositive ended with success------------
browser instance closed
2024-07-07 21:39:58,068 INFO  BaseSFTest.java:51 - ****************tearDownAfterTestMethod*******************
2024-07-07 21:39:58,071 INFO  BaseSFTest.java:42 - ****************setUpBeforeMethod*******************
Chrome browser instance chrome created.
window is maximized
https://login.salesforce.com/is entered
2024-07-07 21:40:00,830 INFO  TestListenerUtility.java:28 - SfdcInvalidUsernamePwd started------
2024-07-07 21:40:01,094 INFO  BasePage.java:40 - data is entered in username field textbox
2024-07-07 21:40:01,543 INFO  BasePage.java:40 - data is entered in password field textbox
2024-07-07 21:40:03,671 INFO  BasePage.java:51 - login buttonbutton is clicked
Please check your username and password. If you still can't log in, contact your Salesforce administrator.
Error message verified
]]></system-out>
    <system-err><![CDATA[Jul 07, 2024 9:39:59 PM org.openqa.selenium.devtools.CdpVersionFinder findNearestMatch
WARNING: Unable to find an exact match for CDP version 126, returning the closest version; found: 125; Please update to a Selenium version that supports CDP version 126
]]></system-err>
  </testcase>
  <testcase name="Sfdcforgotpwd" classname="com.Salesforce.test.SfdcAutomation" time="10.009">
    <system-out><![CDATA[2024-07-07 21:40:03,728 INFO  TestListenerUtility.java:34 - SfdcInvalidUsernamePwd ended with success------------
browser instance closed
2024-07-07 21:40:03,812 INFO  BaseSFTest.java:51 - ****************tearDownAfterTestMethod*******************
2024-07-07 21:40:03,816 INFO  BaseSFTest.java:42 - ****************setUpBeforeMethod*******************
Chrome browser instance chrome created.
window is maximized
https://login.salesforce.com/is entered
2024-07-07 21:40:05,418 INFO  TestListenerUtility.java:28 - Sfdcforgotpwd started------
2024-07-07 21:40:05,751 INFO  BasePage.java:51 - Forgot Passwordbutton is clicked
Forgot Your Password | Salesforce
2024-07-07 21:40:06,017 INFO  BasePage.java:40 - data is entered in username field textbox
2024-07-07 21:40:06,466 INFO  BasePage.java:51 - continuebutton is clicked
2024-07-07 21:40:14,695 INFO  BasePage.java:84 - Check your emailwaiting for visibility for maximum of 30sec
2024-07-07 21:40:14,861 INFO  BasePage.java:71 - text is extracted from check Email page
text extracted from check email page=Check Your Email
We’ve sent you an email with a link to finish resetting your password.
Confirmation message verified
2024-07-07 21:40:15,424 INFO  BasePage.java:51 - return to login buttonbutton is clicked
]]></system-out>
    <system-err><![CDATA[Jul 07, 2024 9:40:03 PM org.openqa.selenium.remote.http.WebSocket$Listener onError
WARNING: Connection reset
java.net.SocketException: Connection reset
	at java.base/sun.nio.ch.SocketChannelImpl.throwConnectionReset(SocketChannelImpl.java:401)
	at java.base/sun.nio.ch.SocketChannelImpl.read(SocketChannelImpl.java:434)
	at java.net.http/jdk.internal.net.http.SocketTube.readAvailable(SocketTube.java:1178)
	at java.net.http/jdk.internal.net.http.SocketTube$InternalReadPublisher$InternalReadSubscription.read(SocketTube.java:841)
	at java.net.http/jdk.internal.net.http.SocketTube$SocketFlowTask.run(SocketTube.java:181)
	at java.net.http/jdk.internal.net.http.common.SequentialScheduler$SchedulableTask.run(SequentialScheduler.java:207)
	at java.net.http/jdk.internal.net.http.common.SequentialScheduler.runOrSchedule(SequentialScheduler.java:280)
	at java.net.http/jdk.internal.net.http.common.SequentialScheduler.runOrSchedule(SequentialScheduler.java:233)
	at java.net.http/jdk.internal.net.http.SocketTube$InternalReadPublisher$InternalReadSubscription.signalReadable(SocketTube.java:782)
	at java.net.http/jdk.internal.net.http.SocketTube$InternalReadPublisher$ReadEvent.signalEvent(SocketTube.java:965)
	at java.net.http/jdk.internal.net.http.SocketTube$SocketFlowEvent.handle(SocketTube.java:253)
	at java.net.http/jdk.internal.net.http.HttpClientImpl$SelectorManager.handleEvent(HttpClientImpl.java:1467)
	at java.net.http/jdk.internal.net.http.HttpClientImpl$SelectorManager.lambda$run$3(HttpClientImpl.java:1412)
	at java.base/java.util.ArrayList.forEach(ArrayList.java:1596)
	at java.net.http/jdk.internal.net.http.HttpClientImpl$SelectorManager.run(HttpClientImpl.java:1412)

Jul 07, 2024 9:40:04 PM org.openqa.selenium.devtools.CdpVersionFinder findNearestMatch
WARNING: Unable to find an exact match for CDP version 126, returning the closest version; found: 125; Please update to a Selenium version that supports CDP version 126
]]></system-err>
  </testcase>
  <testcase name="Sfdcinvalidlogin" classname="com.Salesforce.test.SfdcAutomation" time="1.456">
    <system-out><![CDATA[2024-07-07 21:40:15,425 INFO  TestListenerUtility.java:34 - Sfdcforgotpwd ended with success------------
browser instance closed
2024-07-07 21:40:15,763 INFO  BaseSFTest.java:51 - ****************tearDownAfterTestMethod*******************
2024-07-07 21:40:15,765 INFO  BaseSFTest.java:42 - ****************setUpBeforeMethod*******************
Chrome browser instance chrome created.
window is maximized
https://login.salesforce.com/is entered
2024-07-07 21:40:18,118 INFO  TestListenerUtility.java:28 - Sfdcinvalidlogin started------
2024-07-07 21:40:18,785 INFO  BasePage.java:40 - data is entered in username field textbox
2024-07-07 21:40:18,915 INFO  BasePage.java:40 - data is entered in password field textbox
2024-07-07 21:40:19,539 INFO  BasePage.java:51 - login buttonbutton is clicked
Please enter your password.
Error message verified
]]></system-out>
    <system-err><![CDATA[Jul 07, 2024 9:40:15 PM org.openqa.selenium.remote.http.WebSocket$Listener onError
WARNING: Connection reset
java.net.SocketException: Connection reset
	at java.base/sun.nio.ch.SocketChannelImpl.throwConnectionReset(SocketChannelImpl.java:401)
	at java.base/sun.nio.ch.SocketChannelImpl.read(SocketChannelImpl.java:434)
	at java.net.http/jdk.internal.net.http.SocketTube.readAvailable(SocketTube.java:1178)
	at java.net.http/jdk.internal.net.http.SocketTube$InternalReadPublisher$InternalReadSubscription.read(SocketTube.java:841)
	at java.net.http/jdk.internal.net.http.SocketTube$SocketFlowTask.run(SocketTube.java:181)
	at java.net.http/jdk.internal.net.http.common.SequentialScheduler$SchedulableTask.run(SequentialScheduler.java:207)
	at java.net.http/jdk.internal.net.http.common.SequentialScheduler.runOrSchedule(SequentialScheduler.java:280)
	at java.net.http/jdk.internal.net.http.common.SequentialScheduler.runOrSchedule(SequentialScheduler.java:233)
	at java.net.http/jdk.internal.net.http.SocketTube$InternalReadPublisher$InternalReadSubscription.signalReadable(SocketTube.java:782)
	at java.net.http/jdk.internal.net.http.SocketTube$InternalReadPublisher$ReadEvent.signalEvent(SocketTube.java:965)
	at java.net.http/jdk.internal.net.http.SocketTube$SocketFlowEvent.handle(SocketTube.java:253)
	at java.net.http/jdk.internal.net.http.HttpClientImpl$SelectorManager.handleEvent(HttpClientImpl.java:1467)
	at java.net.http/jdk.internal.net.http.HttpClientImpl$SelectorManager.lambda$run$3(HttpClientImpl.java:1412)
	at java.base/java.util.ArrayList.forEach(ArrayList.java:1596)
	at java.net.http/jdk.internal.net.http.HttpClientImpl$SelectorManager.run(HttpClientImpl.java:1412)

Jul 07, 2024 9:40:17 PM org.openqa.selenium.devtools.CdpVersionFinder findNearestMatch
WARNING: Unable to find an exact match for CDP version 126, returning the closest version; found: 125; Please update to a Selenium version that supports CDP version 126
]]></system-err>
  </testcase>
  <testcase name="Sfdcrememberme" classname="com.Salesforce.test.SfdcAutomation" time="7.184">
    <system-out><![CDATA[2024-07-07 21:40:19,570 INFO  TestListenerUtility.java:34 - Sfdcinvalidlogin ended with success------------
browser instance closed
2024-07-07 21:40:19,745 INFO  BaseSFTest.java:51 - ****************tearDownAfterTestMethod*******************
2024-07-07 21:40:19,748 INFO  BaseSFTest.java:42 - ****************setUpBeforeMethod*******************
Chrome browser instance chrome created.
window is maximized
https://login.salesforce.com/is entered
2024-07-07 21:40:22,504 INFO  TestListenerUtility.java:28 - Sfdcrememberme started------
2024-07-07 21:40:22,934 INFO  BasePage.java:40 - data is entered in username field textbox
2024-07-07 21:40:23,500 INFO  BasePage.java:40 - data is entered in password field textbox
Checkbox is now selected.
2024-07-07 21:40:24,767 INFO  BasePage.java:51 - login buttonbutton is clicked
2024-07-07 21:40:26,883 INFO  BasePage.java:51 - Usermenubutton is clicked
Usermenu dropdown clicked
2024-07-07 21:40:27,632 INFO  BasePage.java:51 - Usermenulogoutoptionbutton is clicked
Logout dropdown clicked
Login | Salesforce
Username is showing for remember me testcase passed[[ChromeDriver: chrome on windows (c2f293d004ac73c047769ada5f44fad9)] -> id: idcard-identity]
]]></system-out>
    <system-err><![CDATA[Jul 07, 2024 9:40:19 PM org.openqa.selenium.remote.http.WebSocket$Listener onError
WARNING: Connection reset
java.net.SocketException: Connection reset
	at java.base/sun.nio.ch.SocketChannelImpl.throwConnectionReset(SocketChannelImpl.java:401)
	at java.base/sun.nio.ch.SocketChannelImpl.read(SocketChannelImpl.java:434)
	at java.net.http/jdk.internal.net.http.SocketTube.readAvailable(SocketTube.java:1178)
	at java.net.http/jdk.internal.net.http.SocketTube$InternalReadPublisher$InternalReadSubscription.read(SocketTube.java:841)
	at java.net.http/jdk.internal.net.http.SocketTube$SocketFlowTask.run(SocketTube.java:181)
	at java.net.http/jdk.internal.net.http.common.SequentialScheduler$SchedulableTask.run(SequentialScheduler.java:207)
	at java.net.http/jdk.internal.net.http.common.SequentialScheduler.runOrSchedule(SequentialScheduler.java:280)
	at java.net.http/jdk.internal.net.http.common.SequentialScheduler.runOrSchedule(SequentialScheduler.java:233)
	at java.net.http/jdk.internal.net.http.SocketTube$InternalReadPublisher$InternalReadSubscription.signalReadable(SocketTube.java:782)
	at java.net.http/jdk.internal.net.http.SocketTube$InternalReadPublisher$ReadEvent.signalEvent(SocketTube.java:965)
	at java.net.http/jdk.internal.net.http.SocketTube$SocketFlowEvent.handle(SocketTube.java:253)
	at java.net.http/jdk.internal.net.http.HttpClientImpl$SelectorManager.handleEvent(HttpClientImpl.java:1467)
	at java.net.http/jdk.internal.net.http.HttpClientImpl$SelectorManager.lambda$run$3(HttpClientImpl.java:1412)
	at java.base/java.util.ArrayList.forEach(ArrayList.java:1596)
	at java.net.http/jdk.internal.net.http.HttpClientImpl$SelectorManager.run(HttpClientImpl.java:1412)

Jul 07, 2024 9:40:21 PM org.openqa.selenium.devtools.CdpVersionFinder findNearestMatch
WARNING: Unable to find an exact match for CDP version 126, returning the closest version; found: 125; Please update to a Selenium version that supports CDP version 126
]]></system-err>
  </testcase>
</testsuite>